<?xml version="1.0" encoding="UTF-8"?>
<!-- Generated by org.testng.reporters.JUnitXMLReporter -->
<testsuite ignored="0" hostname="LAPTOP-6LR294U5" failures="0" tests="4" name="Default test" time="4.635" errors="0" timestamp="2026-07-29T17:07:41 IST">
  <testcase classname="test.LoginTest" name="loginTestFn" time="1.854"/>
  <testcase classname="test.LoginTest" name="homeTestFn" time="0.192"/>
  <testcase classname="test.LoginTest" name="invalidUsernameFn" time="0.163"/>
  <testcase classname="test.LoginTest" name="invalidPasswordFn" time="0.148"/>
</testsuite> <!-- Default test -->
