<?xml version="1.0" encoding="UTF-8"?>
<testng-results ignored="0" total="4" passed="4" failed="0" skipped="0">
  <reporter-output>
  </reporter-output>
  <suite started-at="2026-07-29T17:07:36 IST" name="Default suite" finished-at="2026-07-29T17:07:41 IST" duration-ms="4635">
    <groups>
    </groups>
    <test started-at="2026-07-29T17:07:36 IST" name="Default test" finished-at="2026-07-29T17:07:41 IST" duration-ms="4635">
      <class name="test.LoginTest">
        <test-method is-config="true" signature="setup()[pri:0, instance:test.LoginTest@6c6cb480]" started-at="2026-07-29T17:07:37 IST" name="setup" finished-at="2026-07-29T17:07:39 IST" duration-ms="2223" status="PASS">
          <reporter-output>
          </reporter-output>
        </test-method> <!-- setup -->
        <test-method signature="loginTestFn()[pri:0, instance:test.LoginTest@6c6cb480]" started-at="2026-07-29T17:07:39 IST" name="loginTestFn" finished-at="2026-07-29T17:07:41 IST" duration-ms="1854" status="PASS">
          <reporter-output>
          </reporter-output>
        </test-method> <!-- loginTestFn -->
        <test-method signature="homeTestFn()[pri:1, instance:test.LoginTest@6c6cb480]" started-at="2026-07-29T17:07:41 IST" name="homeTestFn" finished-at="2026-07-29T17:07:41 IST" duration-ms="192" status="PASS">
          <reporter-output>
          </reporter-output>
        </test-method> <!-- homeTestFn -->
        <test-method signature="invalidUsernameFn()[pri:2, instance:test.LoginTest@6c6cb480]" started-at="2026-07-29T17:07:41 IST" name="invalidUsernameFn" finished-at="2026-07-29T17:07:41 IST" duration-ms="163" status="PASS">
          <reporter-output>
          </reporter-output>
        </test-method> <!-- invalidUsernameFn -->
        <test-method signature="invalidPasswordFn()[pri:3, instance:test.LoginTest@6c6cb480]" started-at="2026-07-29T17:07:41 IST" name="invalidPasswordFn" finished-at="2026-07-29T17:07:41 IST" duration-ms="148" status="PASS">
          <reporter-output>
          </reporter-output>
        </test-method> <!-- invalidPasswordFn -->
      </class> <!-- test.LoginTest -->
    </test> <!-- Default test -->
  </suite> <!-- Default suite -->
</testng-results>
